<?xml version="1.0" encoding="UTF-8"?>
<!-- Generated by org.testng.reporters.JUnitReportReporter -->
<testsuite skipped="0" hostname="Tejasree" name="testrunners.EmpregTest" tests="1" failures="0" timestamp="27 Jan 2023 07:35:40 GMT" time="0.159" errors="0">
  <testcase name="feature" time="0.159" classname="testrunners.EmpregTest"/>
</testsuite> <!-- testrunners.EmpregTest -->
