<?xml version="1.0" encoding="UTF-8"?>
<!-- Generated by org.testng.reporters.JUnitReportReporter -->
<testsuite skipped="0" hostname="Tejasree" name="testrunners.Adminlogintest" tests="1" failures="0" timestamp="26 Jan 2023 17:53:38 GMT" time="26.348" errors="0">
  <testcase name="feature" time="26.348" classname="testrunners.Adminlogintest"/>
</testsuite> <!-- testrunners.Adminlogintest -->
